[2024-09-13T14:42:59.019+0000] {local_task_job_runner.py:120} INFO - ::group::Pre task execution logs
[2024-09-13T14:42:59.171+0000] {taskinstance.py:2076} INFO - Dependencies all met for dep_context=non-requeueable deps ti=<TaskInstance: youtube_etl_dag.mail_sender manual__2024-09-13T14:42:34.828784+00:00 [queued]>
[2024-09-13T14:42:59.179+0000] {taskinstance.py:2076} INFO - Dependencies all met for dep_context=requeueable deps ti=<TaskInstance: youtube_etl_dag.mail_sender manual__2024-09-13T14:42:34.828784+00:00 [queued]>
[2024-09-13T14:42:59.180+0000] {taskinstance.py:2306} INFO - Starting attempt 1 of 1
[2024-09-13T14:42:59.239+0000] {taskinstance.py:2330} INFO - Executing <Task(PythonOperator): mail_sender> on 2024-09-13 14:42:34.828784+00:00
[2024-09-13T14:42:59.246+0000] {warnings.py:112} WARNING - /home/***/.local/lib/python3.12/site-packages/***/task/task_runner/standard_task_runner.py:61: DeprecationWarning: This process (pid=104) is multi-threaded, use of fork() may lead to deadlocks in the child.
  pid = os.fork()

[2024-09-13T14:42:59.247+0000] {standard_task_runner.py:63} INFO - Started process 106 to run task
[2024-09-13T14:42:59.247+0000] {standard_task_runner.py:90} INFO - Running: ['***', 'tasks', 'run', 'youtube_etl_dag', 'mail_sender', 'manual__2024-09-13T14:42:34.828784+00:00', '--job-id', '27', '--raw', '--subdir', 'DAGS_FOLDER/youtube_etl_dag.py', '--cfg-path', '/tmp/tmpps922ijj']
[2024-09-13T14:42:59.251+0000] {standard_task_runner.py:91} INFO - Job 27: Subtask mail_sender
[2024-09-13T14:42:59.371+0000] {task_command.py:426} INFO - Running <TaskInstance: youtube_etl_dag.mail_sender manual__2024-09-13T14:42:34.828784+00:00 [running]> on host 5c5aafcec616
[2024-09-13T14:42:59.562+0000] {taskinstance.py:2648} INFO - Exporting env vars: AIRFLOW_CTX_DAG_OWNER='***' AIRFLOW_CTX_DAG_ID='youtube_etl_dag' AIRFLOW_CTX_TASK_ID='mail_sender' AIRFLOW_CTX_EXECUTION_DATE='2024-09-13T14:42:34.828784+00:00' AIRFLOW_CTX_TRY_NUMBER='1' AIRFLOW_CTX_DAG_RUN_ID='manual__2024-09-13T14:42:34.828784+00:00'
[2024-09-13T14:42:59.563+0000] {taskinstance.py:430} INFO - ::endgroup::
[2024-09-13T14:42:59.576+0000] {logging_mixin.py:188} INFO - 
    subject:    Se han cargado los datos de YouTube
    from_address:   ariel.beaz@usach.cl
    password:   ***
    to_address: ariel.beaz.v@gmail.com
    
[2024-09-13T14:43:02.038+0000] {logging_mixin.py:188} INFO - Email sent successfully
[2024-09-13T14:43:02.038+0000] {python.py:237} INFO - Done. Returned value was: None
[2024-09-13T14:43:02.039+0000] {taskinstance.py:441} INFO - ::group::Post task execution logs
[2024-09-13T14:43:02.047+0000] {taskinstance.py:1206} INFO - Marking task as SUCCESS. dag_id=youtube_etl_dag, task_id=mail_sender, run_id=manual__2024-09-13T14:42:34.828784+00:00, execution_date=20240913T144234, start_date=20240913T144259, end_date=20240913T144302
[2024-09-13T14:43:02.116+0000] {local_task_job_runner.py:240} INFO - Task exited with return code 0
[2024-09-13T14:43:02.130+0000] {taskinstance.py:3503} INFO - 0 downstream tasks scheduled from follow-on schedule check
[2024-09-13T14:43:02.191+0000] {local_task_job_runner.py:222} INFO - ::endgroup::
