[2024-09-13T14:40:29.195+0000] {processor.py:161} INFO - Started process (PID=57) to work on /opt/airflow/dags/youtube_etl_dag.py
[2024-09-13T14:40:29.196+0000] {processor.py:830} INFO - Processing file /opt/airflow/dags/youtube_etl_dag.py for tasks to queue
[2024-09-13T14:40:29.198+0000] {logging_mixin.py:188} INFO - [2024-09-13T14:40:29.197+0000] {dagbag.py:545} INFO - Filling up the DagBag from /opt/airflow/dags/youtube_etl_dag.py
[2024-09-13T14:40:29.214+0000] {logging_mixin.py:188} INFO - [2024-09-13T14:40:29.213+0000] {dagbag.py:355} ERROR - Failed to import: /opt/airflow/dags/youtube_etl_dag.py
Traceback (most recent call last):
  File "/home/airflow/.local/lib/python3.12/site-packages/airflow/models/dagbag.py", line 351, in parse
    loader.exec_module(new_module)
  File "<frozen importlib._bootstrap_external>", line 991, in exec_module
  File "<frozen importlib._bootstrap_external>", line 1129, in get_code
  File "<frozen importlib._bootstrap_external>", line 1059, in source_to_code
  File "<frozen importlib._bootstrap>", line 488, in _call_with_frames_removed
  File "/opt/airflow/dags/youtube_etl_dag.py", line 132
    msg.attach(MIMEText(body 'plain'))
                             ^^^^^^^
SyntaxError: invalid syntax
[2024-09-13T14:40:29.223+0000] {processor.py:842} WARNING - No viable dags retrieved from /opt/airflow/dags/youtube_etl_dag.py
[2024-09-13T14:40:29.376+0000] {processor.py:183} INFO - Processing /opt/airflow/dags/youtube_etl_dag.py took 0.186 seconds
[2024-09-13T14:40:59.470+0000] {processor.py:161} INFO - Started process (PID=64) to work on /opt/airflow/dags/youtube_etl_dag.py
[2024-09-13T14:40:59.488+0000] {processor.py:830} INFO - Processing file /opt/airflow/dags/youtube_etl_dag.py for tasks to queue
[2024-09-13T14:40:59.490+0000] {logging_mixin.py:188} INFO - [2024-09-13T14:40:59.489+0000] {dagbag.py:545} INFO - Filling up the DagBag from /opt/airflow/dags/youtube_etl_dag.py
[2024-09-13T14:40:59.580+0000] {logging_mixin.py:188} INFO - [2024-09-13T14:40:59.578+0000] {dagbag.py:355} ERROR - Failed to import: /opt/airflow/dags/youtube_etl_dag.py
Traceback (most recent call last):
  File "/home/airflow/.local/lib/python3.12/site-packages/airflow/models/dagbag.py", line 351, in parse
    loader.exec_module(new_module)
  File "<frozen importlib._bootstrap_external>", line 991, in exec_module
  File "<frozen importlib._bootstrap_external>", line 1129, in get_code
  File "<frozen importlib._bootstrap_external>", line 1059, in source_to_code
  File "<frozen importlib._bootstrap>", line 488, in _call_with_frames_removed
  File "/opt/airflow/dags/youtube_etl_dag.py", line 132
    msg.attach(MIMEText(body 'plain'))
                             ^^^^^^^
SyntaxError: invalid syntax
[2024-09-13T14:40:59.580+0000] {processor.py:842} WARNING - No viable dags retrieved from /opt/airflow/dags/youtube_etl_dag.py
[2024-09-13T14:41:05.788+0000] {processor.py:183} INFO - Processing /opt/airflow/dags/youtube_etl_dag.py took 6.325 seconds
[2024-09-13T14:41:35.897+0000] {processor.py:161} INFO - Started process (PID=71) to work on /opt/airflow/dags/youtube_etl_dag.py
[2024-09-13T14:41:35.898+0000] {processor.py:830} INFO - Processing file /opt/airflow/dags/youtube_etl_dag.py for tasks to queue
[2024-09-13T14:41:35.899+0000] {logging_mixin.py:188} INFO - [2024-09-13T14:41:35.899+0000] {dagbag.py:545} INFO - Filling up the DagBag from /opt/airflow/dags/youtube_etl_dag.py
[2024-09-13T14:41:35.916+0000] {logging_mixin.py:188} INFO - [2024-09-13T14:41:35.914+0000] {dagbag.py:355} ERROR - Failed to import: /opt/airflow/dags/youtube_etl_dag.py
Traceback (most recent call last):
  File "/home/airflow/.local/lib/python3.12/site-packages/airflow/models/dagbag.py", line 351, in parse
    loader.exec_module(new_module)
  File "<frozen importlib._bootstrap_external>", line 991, in exec_module
  File "<frozen importlib._bootstrap_external>", line 1129, in get_code
  File "<frozen importlib._bootstrap_external>", line 1059, in source_to_code
  File "<frozen importlib._bootstrap>", line 488, in _call_with_frames_removed
  File "/opt/airflow/dags/youtube_etl_dag.py", line 132
    msg.attach(MIMEText(body 'plain'))
                             ^^^^^^^
SyntaxError: invalid syntax
[2024-09-13T14:41:35.939+0000] {processor.py:842} WARNING - No viable dags retrieved from /opt/airflow/dags/youtube_etl_dag.py
[2024-09-13T14:41:36.012+0000] {processor.py:183} INFO - Processing /opt/airflow/dags/youtube_etl_dag.py took 0.120 seconds
[2024-09-13T14:42:06.206+0000] {processor.py:161} INFO - Started process (PID=78) to work on /opt/airflow/dags/youtube_etl_dag.py
[2024-09-13T14:42:06.206+0000] {processor.py:830} INFO - Processing file /opt/airflow/dags/youtube_etl_dag.py for tasks to queue
[2024-09-13T14:42:06.207+0000] {logging_mixin.py:188} INFO - [2024-09-13T14:42:06.207+0000] {dagbag.py:545} INFO - Filling up the DagBag from /opt/airflow/dags/youtube_etl_dag.py
[2024-09-13T14:42:06.223+0000] {logging_mixin.py:188} INFO - [2024-09-13T14:42:06.221+0000] {dagbag.py:355} ERROR - Failed to import: /opt/airflow/dags/youtube_etl_dag.py
Traceback (most recent call last):
  File "/home/airflow/.local/lib/python3.12/site-packages/airflow/models/dagbag.py", line 351, in parse
    loader.exec_module(new_module)
  File "<frozen importlib._bootstrap_external>", line 991, in exec_module
  File "<frozen importlib._bootstrap_external>", line 1129, in get_code
  File "<frozen importlib._bootstrap_external>", line 1059, in source_to_code
  File "<frozen importlib._bootstrap>", line 488, in _call_with_frames_removed
  File "/opt/airflow/dags/youtube_etl_dag.py", line 132
    msg.attach(MIMEText(body 'plain'))
                             ^^^^^^^
SyntaxError: invalid syntax
[2024-09-13T14:42:06.223+0000] {processor.py:842} WARNING - No viable dags retrieved from /opt/airflow/dags/youtube_etl_dag.py
[2024-09-13T14:42:06.287+0000] {processor.py:183} INFO - Processing /opt/airflow/dags/youtube_etl_dag.py took 0.086 seconds
[2024-09-13T14:42:26.456+0000] {processor.py:161} INFO - Started process (PID=79) to work on /opt/airflow/dags/youtube_etl_dag.py
[2024-09-13T14:42:26.457+0000] {processor.py:830} INFO - Processing file /opt/airflow/dags/youtube_etl_dag.py for tasks to queue
[2024-09-13T14:42:26.458+0000] {logging_mixin.py:188} INFO - [2024-09-13T14:42:26.458+0000] {dagbag.py:545} INFO - Filling up the DagBag from /opt/airflow/dags/youtube_etl_dag.py
[2024-09-13T14:42:27.827+0000] {processor.py:840} INFO - DAG(s) 'youtube_etl_dag' retrieved from /opt/airflow/dags/youtube_etl_dag.py
[2024-09-13T14:42:28.006+0000] {logging_mixin.py:188} INFO - [2024-09-13T14:42:28.005+0000] {dag.py:3096} INFO - Sync 1 DAGs
[2024-09-13T14:42:28.020+0000] {logging_mixin.py:188} INFO - [2024-09-13T14:42:28.020+0000] {dag.py:3954} INFO - Setting next_dagrun for youtube_etl_dag to 2024-09-12 00:00:00+00:00, run_after=2024-09-13 00:00:00+00:00
[2024-09-13T14:42:28.447+0000] {processor.py:183} INFO - Processing /opt/airflow/dags/youtube_etl_dag.py took 1.997 seconds
[2024-09-13T14:42:58.642+0000] {processor.py:161} INFO - Started process (PID=93) to work on /opt/airflow/dags/youtube_etl_dag.py
[2024-09-13T14:42:58.643+0000] {processor.py:830} INFO - Processing file /opt/airflow/dags/youtube_etl_dag.py for tasks to queue
[2024-09-13T14:42:58.644+0000] {logging_mixin.py:188} INFO - [2024-09-13T14:42:58.643+0000] {dagbag.py:545} INFO - Filling up the DagBag from /opt/airflow/dags/youtube_etl_dag.py
[2024-09-13T14:42:59.083+0000] {processor.py:840} INFO - DAG(s) 'youtube_etl_dag' retrieved from /opt/airflow/dags/youtube_etl_dag.py
[2024-09-13T14:42:59.105+0000] {logging_mixin.py:188} INFO - [2024-09-13T14:42:59.104+0000] {dag.py:3096} INFO - Sync 1 DAGs
[2024-09-13T14:42:59.123+0000] {logging_mixin.py:188} INFO - [2024-09-13T14:42:59.122+0000] {dag.py:3954} INFO - Setting next_dagrun for youtube_etl_dag to 2024-09-13 00:00:00+00:00, run_after=2024-09-14 00:00:00+00:00
[2024-09-13T14:42:59.171+0000] {processor.py:183} INFO - Processing /opt/airflow/dags/youtube_etl_dag.py took 0.535 seconds
[2024-09-13T14:43:29.388+0000] {processor.py:161} INFO - Started process (PID=101) to work on /opt/airflow/dags/youtube_etl_dag.py
[2024-09-13T14:43:29.390+0000] {processor.py:830} INFO - Processing file /opt/airflow/dags/youtube_etl_dag.py for tasks to queue
[2024-09-13T14:43:29.391+0000] {logging_mixin.py:188} INFO - [2024-09-13T14:43:29.390+0000] {dagbag.py:545} INFO - Filling up the DagBag from /opt/airflow/dags/youtube_etl_dag.py
[2024-09-13T14:43:29.830+0000] {processor.py:840} INFO - DAG(s) 'youtube_etl_dag' retrieved from /opt/airflow/dags/youtube_etl_dag.py
[2024-09-13T14:43:29.852+0000] {logging_mixin.py:188} INFO - [2024-09-13T14:43:29.851+0000] {dag.py:3096} INFO - Sync 1 DAGs
[2024-09-13T14:43:29.874+0000] {logging_mixin.py:188} INFO - [2024-09-13T14:43:29.873+0000] {dag.py:3954} INFO - Setting next_dagrun for youtube_etl_dag to 2024-09-13 00:00:00+00:00, run_after=2024-09-14 00:00:00+00:00
[2024-09-13T14:43:29.996+0000] {processor.py:183} INFO - Processing /opt/airflow/dags/youtube_etl_dag.py took 0.614 seconds
[2024-09-13T14:44:00.184+0000] {processor.py:161} INFO - Started process (PID=109) to work on /opt/airflow/dags/youtube_etl_dag.py
[2024-09-13T14:44:00.185+0000] {processor.py:830} INFO - Processing file /opt/airflow/dags/youtube_etl_dag.py for tasks to queue
[2024-09-13T14:44:00.185+0000] {logging_mixin.py:188} INFO - [2024-09-13T14:44:00.185+0000] {dagbag.py:545} INFO - Filling up the DagBag from /opt/airflow/dags/youtube_etl_dag.py
[2024-09-13T14:44:00.461+0000] {processor.py:840} INFO - DAG(s) 'youtube_etl_dag' retrieved from /opt/airflow/dags/youtube_etl_dag.py
[2024-09-13T14:44:00.617+0000] {logging_mixin.py:188} INFO - [2024-09-13T14:44:00.616+0000] {dag.py:3096} INFO - Sync 1 DAGs
[2024-09-13T14:44:00.634+0000] {logging_mixin.py:188} INFO - [2024-09-13T14:44:00.633+0000] {dag.py:3954} INFO - Setting next_dagrun for youtube_etl_dag to 2024-09-13 00:00:00+00:00, run_after=2024-09-14 00:00:00+00:00
[2024-09-13T14:44:00.685+0000] {processor.py:183} INFO - Processing /opt/airflow/dags/youtube_etl_dag.py took 0.506 seconds
[2024-09-13T14:44:30.912+0000] {processor.py:161} INFO - Started process (PID=117) to work on /opt/airflow/dags/youtube_etl_dag.py
[2024-09-13T14:44:30.913+0000] {processor.py:830} INFO - Processing file /opt/airflow/dags/youtube_etl_dag.py for tasks to queue
[2024-09-13T14:44:30.913+0000] {logging_mixin.py:188} INFO - [2024-09-13T14:44:30.913+0000] {dagbag.py:545} INFO - Filling up the DagBag from /opt/airflow/dags/youtube_etl_dag.py
[2024-09-13T14:44:31.202+0000] {processor.py:840} INFO - DAG(s) 'youtube_etl_dag' retrieved from /opt/airflow/dags/youtube_etl_dag.py
[2024-09-13T14:44:31.332+0000] {logging_mixin.py:188} INFO - [2024-09-13T14:44:31.332+0000] {dag.py:3096} INFO - Sync 1 DAGs
[2024-09-13T14:44:31.348+0000] {logging_mixin.py:188} INFO - [2024-09-13T14:44:31.348+0000] {dag.py:3954} INFO - Setting next_dagrun for youtube_etl_dag to 2024-09-13 00:00:00+00:00, run_after=2024-09-14 00:00:00+00:00
[2024-09-13T14:44:31.393+0000] {processor.py:183} INFO - Processing /opt/airflow/dags/youtube_etl_dag.py took 0.487 seconds
[2024-09-13T14:45:01.544+0000] {processor.py:161} INFO - Started process (PID=125) to work on /opt/airflow/dags/youtube_etl_dag.py
[2024-09-13T14:45:01.544+0000] {processor.py:830} INFO - Processing file /opt/airflow/dags/youtube_etl_dag.py for tasks to queue
[2024-09-13T14:45:01.545+0000] {logging_mixin.py:188} INFO - [2024-09-13T14:45:01.545+0000] {dagbag.py:545} INFO - Filling up the DagBag from /opt/airflow/dags/youtube_etl_dag.py
[2024-09-13T14:45:01.961+0000] {processor.py:840} INFO - DAG(s) 'youtube_etl_dag' retrieved from /opt/airflow/dags/youtube_etl_dag.py
[2024-09-13T14:45:01.982+0000] {logging_mixin.py:188} INFO - [2024-09-13T14:45:01.982+0000] {dag.py:3096} INFO - Sync 1 DAGs
[2024-09-13T14:45:02.000+0000] {logging_mixin.py:188} INFO - [2024-09-13T14:45:02.000+0000] {dag.py:3954} INFO - Setting next_dagrun for youtube_etl_dag to 2024-09-13 00:00:00+00:00, run_after=2024-09-14 00:00:00+00:00
[2024-09-13T14:45:02.180+0000] {processor.py:183} INFO - Processing /opt/airflow/dags/youtube_etl_dag.py took 0.642 seconds
